mode: set
github.com/RicliZz/avito-internship-pvz-service/cmd/grpc-pvz/main.go:5.13,7.2 1 0
github.com/RicliZz/avito-internship-pvz-service/cmd/mainApp/main.go:5.13,7.2 1 0
github.com/RicliZz/avito-internship-pvz-service/internal/models/pvzModels.go:31.76,33.9 2 0
github.com/RicliZz/avito-internship-pvz-service/internal/models/pvzModels.go:33.9,35.3 1 0
github.com/RicliZz/avito-internship-pvz-service/internal/models/pvzModels.go:37.2,37.58 1 0
github.com/RicliZz/avito-internship-pvz-service/internal/models/pvzModels.go:37.58,39.3 1 0
github.com/RicliZz/avito-internship-pvz-service/internal/models/pvzModels.go:41.2,41.48 1 0
github.com/RicliZz/avito-internship-pvz-service/internal/api/reception/receptionHandlers.go:14.90,18.2 1 0
github.com/RicliZz/avito-internship-pvz-service/internal/api/reception/receptionHandlers.go:20.76,23.2 3 0
github.com/RicliZz/avito-internship-pvz-service/internal/api/reception/receptionHandlers.go:23.2,25.3 1 0
github.com/RicliZz/avito-internship-pvz-service/internal/api/products/productsHandlers.go:14.84,18.2 1 0
github.com/RicliZz/avito-internship-pvz-service/internal/api/products/productsHandlers.go:20.74,23.2 3 0
github.com/RicliZz/avito-internship-pvz-service/internal/api/products/productsHandlers.go:23.2,25.3 1 0
github.com/RicliZz/avito-internship-pvz-service/internal/api/pvz/pvzHandlers.go:15.108,20.2 1 0
github.com/RicliZz/avito-internship-pvz-service/internal/api/pvz/pvzHandlers.go:22.63,26.2 3 0
github.com/RicliZz/avito-internship-pvz-service/internal/api/pvz/pvzHandlers.go:26.2,30.3 3 0
github.com/RicliZz/avito-internship-pvz-service/internal/api/pvz/pvzHandlers.go:32.2,35.2 3 0
github.com/RicliZz/avito-internship-pvz-service/internal/api/pvz/pvzHandlers.go:35.2,38.3 2 0
github.com/RicliZz/avito-internship-pvz-service/internal/api/auth/authHandlers.go:12.77,16.2 1 0
github.com/RicliZz/avito-internship-pvz-service/internal/api/auth/authHandlers.go:18.65,19.2 1 0
github.com/RicliZz/avito-internship-pvz-service/internal/api/auth/authHandlers.go:19.2,23.3 3 0
github.com/RicliZz/avito-internship-pvz-service/internal/app/app.go:39.15,44.16 4 0
github.com/RicliZz/avito-internship-pvz-service/internal/app/app.go:44.16,46.3 1 0
github.com/RicliZz/avito-internship-pvz-service/internal/app/app.go:49.2,50.16 2 0
github.com/RicliZz/avito-internship-pvz-service/internal/app/app.go:50.16,52.3 1 0
github.com/RicliZz/avito-internship-pvz-service/internal/app/app.go:54.2,57.16 3 0
github.com/RicliZz/avito-internship-pvz-service/internal/app/app.go:57.16,59.3 1 0
github.com/RicliZz/avito-internship-pvz-service/internal/app/app.go:60.2,64.16 3 0
github.com/RicliZz/avito-internship-pvz-service/internal/app/app.go:64.16,66.3 1 0
github.com/RicliZz/avito-internship-pvz-service/internal/app/app.go:67.2,71.16 3 0
github.com/RicliZz/avito-internship-pvz-service/internal/app/app.go:71.16,73.3 1 0
github.com/RicliZz/avito-internship-pvz-service/internal/app/app.go:74.2,80.67 4 0
github.com/RicliZz/avito-internship-pvz-service/internal/app/app.go:80.67,82.3 1 0
github.com/RicliZz/avito-internship-pvz-service/internal/app/app.go:85.2,133.41 34 0
github.com/RicliZz/avito-internship-pvz-service/internal/app/app.go:133.41,136.3 1 0
github.com/RicliZz/avito-internship-pvz-service/internal/app/grpc-pvz.go:16.16,20.16 4 0
github.com/RicliZz/avito-internship-pvz-service/internal/app/grpc-pvz.go:20.16,22.3 1 0
github.com/RicliZz/avito-internship-pvz-service/internal/app/grpc-pvz.go:23.2,24.16 2 0
github.com/RicliZz/avito-internship-pvz-service/internal/app/grpc-pvz.go:24.16,28.3 2 0
github.com/RicliZz/avito-internship-pvz-service/internal/app/grpc-pvz.go:29.2,32.16 3 0
github.com/RicliZz/avito-internship-pvz-service/internal/app/grpc-pvz.go:32.16,34.3 1 0
github.com/RicliZz/avito-internship-pvz-service/internal/app/grpc-pvz.go:35.2,38.36 4 0
github.com/RicliZz/avito-internship-pvz-service/internal/app/grpc-pvz.go:38.36,40.3 1 0
github.com/RicliZz/avito-internship-pvz-service/internal/models/pvzModels.go:31.76,33.9 2 0
github.com/RicliZz/avito-internship-pvz-service/internal/models/pvzModels.go:33.9,35.3 1 0
github.com/RicliZz/avito-internship-pvz-service/internal/models/pvzModels.go:37.2,37.58 1 0
github.com/RicliZz/avito-internship-pvz-service/internal/models/pvzModels.go:37.58,39.3 1 0
github.com/RicliZz/avito-internship-pvz-service/internal/models/pvzModels.go:41.2,41.48 1 0
github.com/RicliZz/avito-internship-pvz-service/internal/repositories/pvzRepo/pvzRepo.go:22.50,26.2 1 0
github.com/RicliZz/avito-internship-pvz-service/internal/repositories/pvzRepo/pvzRepo.go:28.89,35.16 4 1
github.com/RicliZz/avito-internship-pvz-service/internal/repositories/pvzRepo/pvzRepo.go:35.16,38.3 2 1
github.com/RicliZz/avito-internship-pvz-service/internal/repositories/pvzRepo/pvzRepo.go:39.2,39.21 1 1
github.com/RicliZz/avito-internship-pvz-service/internal/repositories/pvzRepo/pvzRepo.go:42.109,60.16 5 0
github.com/RicliZz/avito-internship-pvz-service/internal/repositories/pvzRepo/pvzRepo.go:60.16,62.3 1 0
github.com/RicliZz/avito-internship-pvz-service/internal/repositories/pvzRepo/pvzRepo.go:63.2,71.18 6 0
github.com/RicliZz/avito-internship-pvz-service/internal/repositories/pvzRepo/pvzRepo.go:71.18,87.17 3 0
github.com/RicliZz/avito-internship-pvz-service/internal/repositories/pvzRepo/pvzRepo.go:87.17,89.4 1 0
github.com/RicliZz/avito-internship-pvz-service/internal/repositories/pvzRepo/pvzRepo.go:91.3,92.10 2 0
github.com/RicliZz/avito-internship-pvz-service/internal/repositories/pvzRepo/pvzRepo.go:92.10,102.4 2 0
github.com/RicliZz/avito-internship-pvz-service/internal/repositories/pvzRepo/pvzRepo.go:104.3,105.10 2 0
github.com/RicliZz/avito-internship-pvz-service/internal/repositories/pvzRepo/pvzRepo.go:105.10,116.4 2 0
github.com/RicliZz/avito-internship-pvz-service/internal/repositories/pvzRepo/pvzRepo.go:118.3,124.42 2 0
github.com/RicliZz/avito-internship-pvz-service/internal/repositories/pvzRepo/pvzRepo.go:124.42,127.4 2 0
github.com/RicliZz/avito-internship-pvz-service/internal/repositories/pvzRepo/pvzRepo.go:130.2,130.43 1 0
github.com/RicliZz/avito-internship-pvz-service/internal/repositories/pvzRepo/pvzRepo.go:130.43,132.3 1 0
github.com/RicliZz/avito-internship-pvz-service/internal/repositories/pvzRepo/pvzRepo.go:134.2,134.17 1 0
github.com/RicliZz/avito-internship-pvz-service/pkg/logger/loggerConf.go:12.19,43.16 8 0
github.com/RicliZz/avito-internship-pvz-service/pkg/logger/loggerConf.go:43.16,45.3 1 0
github.com/RicliZz/avito-internship-pvz-service/pkg/logger/loggerConf.go:47.2,47.25 1 0
github.com/RicliZz/avito-internship-pvz-service/internal/models/pvzModels.go:31.76,33.9 2 0
github.com/RicliZz/avito-internship-pvz-service/internal/models/pvzModels.go:33.9,35.3 1 0
github.com/RicliZz/avito-internship-pvz-service/internal/models/pvzModels.go:37.2,37.58 1 0
github.com/RicliZz/avito-internship-pvz-service/internal/models/pvzModels.go:37.58,39.3 1 0
github.com/RicliZz/avito-internship-pvz-service/internal/models/pvzModels.go:41.2,41.48 1 0
github.com/RicliZz/avito-internship-pvz-service/internal/repositories/productRepo/productRepo.go:20.58,24.2 1 0
github.com/RicliZz/avito-internship-pvz-service/internal/repositories/productRepo/productRepo.go:26.125,32.16 5 1
github.com/RicliZz/avito-internship-pvz-service/internal/repositories/productRepo/productRepo.go:32.16,35.3 2 1
github.com/RicliZz/avito-internship-pvz-service/internal/repositories/productRepo/productRepo.go:36.2,36.25 1 1
github.com/RicliZz/avito-internship-pvz-service/pkg/logger/loggerConf.go:12.19,43.16 8 0
github.com/RicliZz/avito-internship-pvz-service/pkg/logger/loggerConf.go:43.16,45.3 1 0
github.com/RicliZz/avito-internship-pvz-service/pkg/logger/loggerConf.go:47.2,47.25 1 0
github.com/RicliZz/avito-internship-pvz-service/internal/models/pvzModels.go:31.76,33.9 2 0
github.com/RicliZz/avito-internship-pvz-service/internal/models/pvzModels.go:33.9,35.3 1 0
github.com/RicliZz/avito-internship-pvz-service/internal/models/pvzModels.go:37.2,37.58 1 0
github.com/RicliZz/avito-internship-pvz-service/internal/models/pvzModels.go:37.58,39.3 1 0
github.com/RicliZz/avito-internship-pvz-service/internal/models/pvzModels.go:41.2,41.48 1 0
github.com/RicliZz/avito-internship-pvz-service/internal/repositories/receptionRepo/receptionRepo.go:26.62,30.2 1 0
github.com/RicliZz/avito-internship-pvz-service/internal/repositories/receptionRepo/receptionRepo.go:32.113,35.16 3 0
github.com/RicliZz/avito-internship-pvz-service/internal/repositories/receptionRepo/receptionRepo.go:35.16,38.3 2 0
github.com/RicliZz/avito-internship-pvz-service/internal/repositories/receptionRepo/receptionRepo.go:39.2,53.16 4 0
github.com/RicliZz/avito-internship-pvz-service/internal/repositories/receptionRepo/receptionRepo.go:53.16,54.27 1 0
github.com/RicliZz/avito-internship-pvz-service/internal/repositories/receptionRepo/receptionRepo.go:54.27,57.4 2 0
github.com/RicliZz/avito-internship-pvz-service/internal/repositories/receptionRepo/receptionRepo.go:58.3,59.18 2 0
github.com/RicliZz/avito-internship-pvz-service/internal/repositories/receptionRepo/receptionRepo.go:61.2,61.55 1 0
github.com/RicliZz/avito-internship-pvz-service/internal/repositories/receptionRepo/receptionRepo.go:61.55,63.3 1 0
github.com/RicliZz/avito-internship-pvz-service/internal/repositories/receptionRepo/receptionRepo.go:64.2,64.27 1 0
github.com/RicliZz/avito-internship-pvz-service/internal/repositories/receptionRepo/receptionRepo.go:67.91,74.16 5 1
github.com/RicliZz/avito-internship-pvz-service/internal/repositories/receptionRepo/receptionRepo.go:74.16,75.27 1 1
github.com/RicliZz/avito-internship-pvz-service/internal/repositories/receptionRepo/receptionRepo.go:75.27,79.4 2 1
github.com/RicliZz/avito-internship-pvz-service/internal/repositories/receptionRepo/receptionRepo.go:80.3,80.23 1 0
github.com/RicliZz/avito-internship-pvz-service/internal/repositories/receptionRepo/receptionRepo.go:82.2,82.25 1 1
github.com/RicliZz/avito-internship-pvz-service/internal/repositories/receptionRepo/receptionRepo.go:85.72,88.16 3 0
github.com/RicliZz/avito-internship-pvz-service/internal/repositories/receptionRepo/receptionRepo.go:88.16,90.3 1 0
github.com/RicliZz/avito-internship-pvz-service/internal/repositories/receptionRepo/receptionRepo.go:91.2,105.16 4 0
github.com/RicliZz/avito-internship-pvz-service/internal/repositories/receptionRepo/receptionRepo.go:105.16,108.3 2 0
github.com/RicliZz/avito-internship-pvz-service/internal/repositories/receptionRepo/receptionRepo.go:109.2,109.29 1 0
github.com/RicliZz/avito-internship-pvz-service/internal/repositories/receptionRepo/receptionRepo.go:109.29,112.3 2 0
github.com/RicliZz/avito-internship-pvz-service/internal/repositories/receptionRepo/receptionRepo.go:113.2,113.55 1 0
github.com/RicliZz/avito-internship-pvz-service/internal/repositories/receptionRepo/receptionRepo.go:113.55,116.3 2 0
github.com/RicliZz/avito-internship-pvz-service/internal/repositories/receptionRepo/receptionRepo.go:117.2,117.12 1 0
github.com/RicliZz/avito-internship-pvz-service/internal/repositories/receptionRepo/receptionRepo.go:120.94,129.16 5 1
github.com/RicliZz/avito-internship-pvz-service/internal/repositories/receptionRepo/receptionRepo.go:129.16,130.27 1 1
github.com/RicliZz/avito-internship-pvz-service/internal/repositories/receptionRepo/receptionRepo.go:130.27,133.4 2 1
github.com/RicliZz/avito-internship-pvz-service/internal/repositories/receptionRepo/receptionRepo.go:134.3,135.18 2 0
github.com/RicliZz/avito-internship-pvz-service/internal/repositories/receptionRepo/receptionRepo.go:137.2,137.31 1 1
github.com/RicliZz/avito-internship-pvz-service/pkg/logger/loggerConf.go:12.19,43.16 8 0
github.com/RicliZz/avito-internship-pvz-service/pkg/logger/loggerConf.go:43.16,45.3 1 0
github.com/RicliZz/avito-internship-pvz-service/pkg/logger/loggerConf.go:47.2,47.25 1 0
github.com/RicliZz/avito-internship-pvz-service/internal/services/grpc/getPVZList.go:16.120,19.16 3 0
github.com/RicliZz/avito-internship-pvz-service/internal/services/grpc/getPVZList.go:19.16,21.3 1 0
github.com/RicliZz/avito-internship-pvz-service/internal/services/grpc/getPVZList.go:22.2,24.18 3 0
github.com/RicliZz/avito-internship-pvz-service/internal/services/grpc/getPVZList.go:24.18,30.65 2 0
github.com/RicliZz/avito-internship-pvz-service/internal/services/grpc/getPVZList.go:30.65,32.4 1 0
github.com/RicliZz/avito-internship-pvz-service/internal/services/grpc/getPVZList.go:33.3,37.5 1 0
github.com/RicliZz/avito-internship-pvz-service/internal/services/grpc/getPVZList.go:39.2,39.52 1 0
github.com/RicliZz/avito-internship-pvz-service/internal/server/server.go:16.50,25.2 1 0
github.com/RicliZz/avito-internship-pvz-service/internal/server/server.go:27.29,28.85 1 0
github.com/RicliZz/avito-internship-pvz-service/internal/server/server.go:28.85,30.3 1 0
github.com/RicliZz/avito-internship-pvz-service/internal/server/server.go:34.57,35.51 1 0
github.com/RicliZz/avito-internship-pvz-service/internal/server/server.go:35.51,37.3 1 0
github.com/RicliZz/avito-internship-pvz-service/internal/server/server.go:39.2,39.19 1 0
github.com/RicliZz/avito-internship-pvz-service/internal/server/server.go:40.32,41.54 1 0
github.com/RicliZz/avito-internship-pvz-service/internal/server/server.go:42.11,43.59 1 0
github.com/RicliZz/avito-internship-pvz-service/internal/server/server.go:44.10,45.57 1 0
github.com/RicliZz/avito-internship-pvz-service/internal/server/server.go:48.2,48.12 1 0
github.com/RicliZz/avito-internship-pvz-service/internal/models/pvzModels.go:31.76,33.9 2 0
github.com/RicliZz/avito-internship-pvz-service/internal/models/pvzModels.go:33.9,35.3 1 0
github.com/RicliZz/avito-internship-pvz-service/internal/models/pvzModels.go:37.2,37.58 1 0
github.com/RicliZz/avito-internship-pvz-service/internal/models/pvzModels.go:37.58,39.3 1 0
github.com/RicliZz/avito-internship-pvz-service/internal/models/pvzModels.go:41.2,41.48 1 0
github.com/RicliZz/avito-internship-pvz-service/internal/repositories/authRepo/registerRepo.go:21.52,25.2 1 0
github.com/RicliZz/avito-internship-pvz-service/internal/repositories/authRepo/registerRepo.go:27.88,34.16 4 1
github.com/RicliZz/avito-internship-pvz-service/internal/repositories/authRepo/registerRepo.go:34.16,39.3 2 1
github.com/RicliZz/avito-internship-pvz-service/internal/repositories/authRepo/registerRepo.go:40.2,40.22 1 1
github.com/RicliZz/avito-internship-pvz-service/internal/repositories/authRepo/registerRepo.go:43.79,51.16 7 1
github.com/RicliZz/avito-internship-pvz-service/internal/repositories/authRepo/registerRepo.go:51.16,52.27 1 1
github.com/RicliZz/avito-internship-pvz-service/internal/repositories/authRepo/registerRepo.go:52.27,55.4 2 1
github.com/RicliZz/avito-internship-pvz-service/internal/repositories/authRepo/registerRepo.go:56.3,56.21 1 0
github.com/RicliZz/avito-internship-pvz-service/internal/repositories/authRepo/registerRepo.go:59.2,59.28 1 1
github.com/RicliZz/avito-internship-pvz-service/pkg/logger/loggerConf.go:12.19,43.16 8 0
github.com/RicliZz/avito-internship-pvz-service/pkg/logger/loggerConf.go:43.16,45.3 1 0
github.com/RicliZz/avito-internship-pvz-service/pkg/logger/loggerConf.go:47.2,47.25 1 0
github.com/RicliZz/avito-internship-pvz-service/internal/models/pvzModels.go:31.76,33.9 2 0
github.com/RicliZz/avito-internship-pvz-service/internal/models/pvzModels.go:33.9,35.3 1 0
github.com/RicliZz/avito-internship-pvz-service/internal/models/pvzModels.go:37.2,37.58 1 0
github.com/RicliZz/avito-internship-pvz-service/internal/models/pvzModels.go:37.58,39.3 1 0
github.com/RicliZz/avito-internship-pvz-service/internal/models/pvzModels.go:41.2,41.48 1 0
github.com/RicliZz/avito-internship-pvz-service/internal/services/authService/dummyLogin.go:13.56,16.49 3 1
github.com/RicliZz/avito-internship-pvz-service/internal/services/authService/dummyLogin.go:16.49,21.3 3 1
github.com/RicliZz/avito-internship-pvz-service/internal/services/authService/dummyLogin.go:22.2,23.16 2 1
github.com/RicliZz/avito-internship-pvz-service/internal/services/authService/dummyLogin.go:23.16,26.3 2 0
github.com/RicliZz/avito-internship-pvz-service/internal/services/authService/dummyLogin.go:27.2,27.20 1 1
github.com/RicliZz/avito-internship-pvz-service/internal/services/authService/registerAndLogin.go:17.77,21.2 1 0
github.com/RicliZz/avito-internship-pvz-service/internal/services/authService/registerAndLogin.go:23.50,27.43 3 1
github.com/RicliZz/avito-internship-pvz-service/internal/services/authService/registerAndLogin.go:27.43,33.3 3 1
github.com/RicliZz/avito-internship-pvz-service/internal/services/authService/registerAndLogin.go:34.2,35.16 2 1
github.com/RicliZz/avito-internship-pvz-service/internal/services/authService/registerAndLogin.go:35.16,38.3 2 0
github.com/RicliZz/avito-internship-pvz-service/internal/services/authService/registerAndLogin.go:39.2,40.14 2 1
github.com/RicliZz/avito-internship-pvz-service/internal/services/authService/registerAndLogin.go:40.14,44.3 3 1
github.com/RicliZz/avito-internship-pvz-service/internal/services/authService/registerAndLogin.go:45.2,46.16 2 1
github.com/RicliZz/avito-internship-pvz-service/internal/services/authService/registerAndLogin.go:46.16,49.3 2 0
github.com/RicliZz/avito-internship-pvz-service/internal/services/authService/registerAndLogin.go:50.2,50.20 1 1
github.com/RicliZz/avito-internship-pvz-service/internal/services/authService/registerAndLogin.go:53.53,56.48 3 0
github.com/RicliZz/avito-internship-pvz-service/internal/services/authService/registerAndLogin.go:56.48,60.3 3 0
github.com/RicliZz/avito-internship-pvz-service/internal/services/authService/registerAndLogin.go:63.2,64.16 2 0
github.com/RicliZz/avito-internship-pvz-service/internal/services/authService/registerAndLogin.go:64.16,68.3 3 0
github.com/RicliZz/avito-internship-pvz-service/internal/services/authService/registerAndLogin.go:69.2,72.16 3 0
github.com/RicliZz/avito-internship-pvz-service/internal/services/authService/registerAndLogin.go:72.16,76.3 3 0
github.com/RicliZz/avito-internship-pvz-service/internal/services/authService/registerAndLogin.go:77.2,77.22 1 0
github.com/RicliZz/avito-internship-pvz-service/pkg/JWT/createJWT.go:9.45,17.2 3 1
github.com/RicliZz/avito-internship-pvz-service/pkg/logger/loggerConf.go:12.19,43.16 8 0
github.com/RicliZz/avito-internship-pvz-service/pkg/logger/loggerConf.go:43.16,45.3 1 0
github.com/RicliZz/avito-internship-pvz-service/pkg/logger/loggerConf.go:47.2,47.25 1 0
github.com/RicliZz/avito-internship-pvz-service/internal/models/pvzModels.go:31.76,33.9 2 0
github.com/RicliZz/avito-internship-pvz-service/internal/models/pvzModels.go:33.9,35.3 1 0
github.com/RicliZz/avito-internship-pvz-service/internal/models/pvzModels.go:37.2,37.58 1 0
github.com/RicliZz/avito-internship-pvz-service/internal/models/pvzModels.go:37.58,39.3 1 0
github.com/RicliZz/avito-internship-pvz-service/internal/models/pvzModels.go:41.2,41.48 1 0
github.com/RicliZz/avito-internship-pvz-service/internal/services/productService/addProductInReception.go:16.126,21.2 1 0
github.com/RicliZz/avito-internship-pvz-service/internal/services/productService/addProductInReception.go:28.64,31.51 3 1
github.com/RicliZz/avito-internship-pvz-service/internal/services/productService/addProductInReception.go:31.51,37.3 3 0
github.com/RicliZz/avito-internship-pvz-service/internal/services/productService/addProductInReception.go:39.2,40.16 2 1
github.com/RicliZz/avito-internship-pvz-service/internal/services/productService/addProductInReception.go:40.16,43.3 2 1
github.com/RicliZz/avito-internship-pvz-service/internal/services/productService/addProductInReception.go:44.2,45.16 2 1
github.com/RicliZz/avito-internship-pvz-service/internal/services/productService/addProductInReception.go:45.16,48.3 2 0
github.com/RicliZz/avito-internship-pvz-service/internal/services/productService/addProductInReception.go:49.2,50.25 2 1
github.com/RicliZz/avito-internship-pvz-service/pkg/logger/loggerConf.go:12.19,43.16 8 0
github.com/RicliZz/avito-internship-pvz-service/pkg/logger/loggerConf.go:43.16,45.3 1 0
github.com/RicliZz/avito-internship-pvz-service/pkg/logger/loggerConf.go:47.2,47.25 1 0
github.com/RicliZz/avito-internship-pvz-service/pkg/logger/loggerConf.go:12.19,43.16 8 0
github.com/RicliZz/avito-internship-pvz-service/pkg/logger/loggerConf.go:43.16,45.3 1 0
github.com/RicliZz/avito-internship-pvz-service/pkg/logger/loggerConf.go:47.2,47.25 1 0
github.com/RicliZz/avito-internship-pvz-service/pkg/JWT/createJWT.go:9.45,17.2 3 0
github.com/RicliZz/avito-internship-pvz-service/internal/models/pvzModels.go:31.76,33.9 2 0
github.com/RicliZz/avito-internship-pvz-service/internal/models/pvzModels.go:33.9,35.3 1 0
github.com/RicliZz/avito-internship-pvz-service/internal/models/pvzModels.go:37.2,37.58 1 0
github.com/RicliZz/avito-internship-pvz-service/internal/models/pvzModels.go:37.58,39.3 1 0
github.com/RicliZz/avito-internship-pvz-service/internal/models/pvzModels.go:41.2,41.48 1 0
github.com/RicliZz/avito-internship-pvz-service/internal/services/receptionService/closeLastReception.go:11.63,15.16 4 1
github.com/RicliZz/avito-internship-pvz-service/internal/services/receptionService/closeLastReception.go:15.16,19.3 3 1
github.com/RicliZz/avito-internship-pvz-service/internal/services/receptionService/closeLastReception.go:20.2,21.16 2 1
github.com/RicliZz/avito-internship-pvz-service/internal/services/receptionService/closeLastReception.go:21.16,25.3 3 0
github.com/RicliZz/avito-internship-pvz-service/internal/services/receptionService/closeLastReception.go:26.2,26.30 1 1
github.com/RicliZz/avito-internship-pvz-service/internal/services/receptionService/createReception.go:15.60,18.53 3 1
github.com/RicliZz/avito-internship-pvz-service/internal/services/receptionService/createReception.go:18.53,22.3 3 1
github.com/RicliZz/avito-internship-pvz-service/internal/services/receptionService/createReception.go:23.2,24.16 2 1
github.com/RicliZz/avito-internship-pvz-service/internal/services/receptionService/createReception.go:24.16,28.3 3 0
github.com/RicliZz/avito-internship-pvz-service/internal/services/receptionService/createReception.go:29.2,30.27 2 1
github.com/RicliZz/avito-internship-pvz-service/internal/services/receptionService/deleteLastProductInActiveReception.go:10.79,14.16 4 1
github.com/RicliZz/avito-internship-pvz-service/internal/services/receptionService/deleteLastProductInActiveReception.go:14.16,18.3 3 1
github.com/RicliZz/avito-internship-pvz-service/internal/services/receptionService/deleteLastProductInActiveReception.go:19.2,19.68 1 1
github.com/RicliZz/avito-internship-pvz-service/internal/services/receptionService/deleteLastProductInActiveReception.go:19.68,23.3 3 0
github.com/RicliZz/avito-internship-pvz-service/internal/services/receptionService/deleteLastProductInActiveReception.go:24.2,24.40 1 1
github.com/RicliZz/avito-internship-pvz-service/internal/services/receptionService/service.go:11.86,15.2 1 0
github.com/RicliZz/avito-internship-pvz-service/pkg/logger/loggerConf.go:12.19,43.16 8 0
github.com/RicliZz/avito-internship-pvz-service/pkg/logger/loggerConf.go:43.16,45.3 1 0
github.com/RicliZz/avito-internship-pvz-service/pkg/logger/loggerConf.go:47.2,47.25 1 0
github.com/RicliZz/avito-internship-pvz-service/internal/models/pvzModels.go:31.76,33.9 2 0
github.com/RicliZz/avito-internship-pvz-service/internal/models/pvzModels.go:33.9,35.3 1 0
github.com/RicliZz/avito-internship-pvz-service/internal/models/pvzModels.go:37.2,37.58 1 0
github.com/RicliZz/avito-internship-pvz-service/internal/models/pvzModels.go:37.58,39.3 1 0
github.com/RicliZz/avito-internship-pvz-service/internal/models/pvzModels.go:41.2,41.48 1 0
github.com/RicliZz/avito-internship-pvz-service/internal/services/pvzService/createPVZ.go:15.48,18.47 3 1
github.com/RicliZz/avito-internship-pvz-service/internal/services/pvzService/createPVZ.go:18.47,23.3 3 0
github.com/RicliZz/avito-internship-pvz-service/internal/services/pvzService/createPVZ.go:24.2,25.16 2 1
github.com/RicliZz/avito-internship-pvz-service/internal/services/pvzService/createPVZ.go:25.16,29.3 3 0
github.com/RicliZz/avito-internship-pvz-service/internal/services/pvzService/createPVZ.go:30.2,31.21 2 1
github.com/RicliZz/avito-internship-pvz-service/internal/services/pvzService/getPVZFromgRPCServer.go:12.62,16.16 4 0
github.com/RicliZz/avito-internship-pvz-service/internal/services/pvzService/getPVZFromgRPCServer.go:16.16,18.3 1 0
github.com/RicliZz/avito-internship-pvz-service/internal/services/pvzService/getPVZFromgRPCServer.go:19.2,19.29 1 0
github.com/RicliZz/avito-internship-pvz-service/internal/services/pvzService/getPVZList.go:10.49,15.56 2 0
github.com/RicliZz/avito-internship-pvz-service/internal/services/pvzService/getPVZList.go:15.56,21.3 3 0
github.com/RicliZz/avito-internship-pvz-service/internal/services/pvzService/getPVZList.go:22.2,24.16 3 0
github.com/RicliZz/avito-internship-pvz-service/internal/services/pvzService/getPVZList.go:24.16,27.3 2 0
github.com/RicliZz/avito-internship-pvz-service/internal/services/pvzService/getPVZList.go:28.2,28.36 1 0
github.com/RicliZz/avito-internship-pvz-service/internal/services/pvzService/service.go:13.104,18.2 1 0
github.com/RicliZz/avito-internship-pvz-service/pkg/logger/loggerConf.go:12.19,43.16 8 0
github.com/RicliZz/avito-internship-pvz-service/pkg/logger/loggerConf.go:43.16,45.3 1 0
github.com/RicliZz/avito-internship-pvz-service/pkg/logger/loggerConf.go:47.2,47.25 1 0
github.com/RicliZz/avito-internship-pvz-service/pkg/proto/pvz.pb.go:44.50,48.2 3 0
github.com/RicliZz/avito-internship-pvz-service/pkg/proto/pvz.pb.go:50.42,52.2 1 0
github.com/RicliZz/avito-internship-pvz-service/pkg/proto/pvz.pb.go:54.65,56.2 1 0
github.com/RicliZz/avito-internship-pvz-service/pkg/proto/pvz.pb.go:58.53,60.2 1 0
github.com/RicliZz/avito-internship-pvz-service/pkg/proto/pvz.pb.go:62.59,64.2 1 0
github.com/RicliZz/avito-internship-pvz-service/pkg/proto/pvz.pb.go:67.57,69.2 1 0
github.com/RicliZz/avito-internship-pvz-service/pkg/proto/pvz.pb.go:80.23,85.2 4 0
github.com/RicliZz/avito-internship-pvz-service/pkg/proto/pvz.pb.go:87.31,89.2 1 0
github.com/RicliZz/avito-internship-pvz-service/pkg/proto/pvz.pb.go:91.29,91.30 0 0
github.com/RicliZz/avito-internship-pvz-service/pkg/proto/pvz.pb.go:93.51,95.14 2 0
github.com/RicliZz/avito-internship-pvz-service/pkg/proto/pvz.pb.go:95.14,97.34 2 0
github.com/RicliZz/avito-internship-pvz-service/pkg/proto/pvz.pb.go:97.34,99.4 1 0
github.com/RicliZz/avito-internship-pvz-service/pkg/proto/pvz.pb.go:100.3,100.12 1 0
github.com/RicliZz/avito-internship-pvz-service/pkg/proto/pvz.pb.go:102.2,102.24 1 0
github.com/RicliZz/avito-internship-pvz-service/pkg/proto/pvz.pb.go:106.42,108.2 1 0
github.com/RicliZz/avito-internship-pvz-service/pkg/proto/pvz.pb.go:110.30,111.14 1 0
github.com/RicliZz/avito-internship-pvz-service/pkg/proto/pvz.pb.go:111.14,113.3 1 0
github.com/RicliZz/avito-internship-pvz-service/pkg/proto/pvz.pb.go:114.2,114.11 1 0
github.com/RicliZz/avito-internship-pvz-service/pkg/proto/pvz.pb.go:117.60,118.14 1 0
github.com/RicliZz/avito-internship-pvz-service/pkg/proto/pvz.pb.go:118.14,120.3 1 0
github.com/RicliZz/avito-internship-pvz-service/pkg/proto/pvz.pb.go:121.2,121.12 1 0
github.com/RicliZz/avito-internship-pvz-service/pkg/proto/pvz.pb.go:124.32,125.14 1 0
github.com/RicliZz/avito-internship-pvz-service/pkg/proto/pvz.pb.go:125.14,127.3 1 0
github.com/RicliZz/avito-internship-pvz-service/pkg/proto/pvz.pb.go:128.2,128.11 1 0
github.com/RicliZz/avito-internship-pvz-service/pkg/proto/pvz.pb.go:137.37,142.2 4 0
github.com/RicliZz/avito-internship-pvz-service/pkg/proto/pvz.pb.go:144.45,146.2 1 0
github.com/RicliZz/avito-internship-pvz-service/pkg/proto/pvz.pb.go:148.43,148.44 0 0
github.com/RicliZz/avito-internship-pvz-service/pkg/proto/pvz.pb.go:150.65,152.14 2 0
github.com/RicliZz/avito-internship-pvz-service/pkg/proto/pvz.pb.go:152.14,154.34 2 0
github.com/RicliZz/avito-internship-pvz-service/pkg/proto/pvz.pb.go:154.34,156.4 1 0
github.com/RicliZz/avito-internship-pvz-service/pkg/proto/pvz.pb.go:157.3,157.12 1 0
github.com/RicliZz/avito-internship-pvz-service/pkg/proto/pvz.pb.go:159.2,159.24 1 0
github.com/RicliZz/avito-internship-pvz-service/pkg/proto/pvz.pb.go:163.56,165.2 1 0
github.com/RicliZz/avito-internship-pvz-service/pkg/proto/pvz.pb.go:174.38,179.2 4 0
github.com/RicliZz/avito-internship-pvz-service/pkg/proto/pvz.pb.go:181.46,183.2 1 0
github.com/RicliZz/avito-internship-pvz-service/pkg/proto/pvz.pb.go:185.44,185.45 0 0
github.com/RicliZz/avito-internship-pvz-service/pkg/proto/pvz.pb.go:187.66,189.14 2 0
github.com/RicliZz/avito-internship-pvz-service/pkg/proto/pvz.pb.go:189.14,191.34 2 0
github.com/RicliZz/avito-internship-pvz-service/pkg/proto/pvz.pb.go:191.34,193.4 1 0
github.com/RicliZz/avito-internship-pvz-service/pkg/proto/pvz.pb.go:194.3,194.12 1 0
github.com/RicliZz/avito-internship-pvz-service/pkg/proto/pvz.pb.go:196.2,196.24 1 0
github.com/RicliZz/avito-internship-pvz-service/pkg/proto/pvz.pb.go:200.57,202.2 1 0
github.com/RicliZz/avito-internship-pvz-service/pkg/proto/pvz.pb.go:204.47,205.14 1 0
github.com/RicliZz/avito-internship-pvz-service/pkg/proto/pvz.pb.go:205.14,207.3 1 0
github.com/RicliZz/avito-internship-pvz-service/pkg/proto/pvz.pb.go:208.2,208.12 1 0
github.com/RicliZz/avito-internship-pvz-service/pkg/proto/pvz.pb.go:236.52,237.49 1 0
github.com/RicliZz/avito-internship-pvz-service/pkg/proto/pvz.pb.go:237.49,239.3 1 0
github.com/RicliZz/avito-internship-pvz-service/pkg/proto/pvz.pb.go:240.2,240.45 1 0
github.com/RicliZz/avito-internship-pvz-service/pkg/proto/pvz.pb.go:264.13,264.48 1 1
github.com/RicliZz/avito-internship-pvz-service/pkg/proto/pvz.pb.go:265.38,266.37 1 1
github.com/RicliZz/avito-internship-pvz-service/pkg/proto/pvz.pb.go:266.37,268.3 1 0
github.com/RicliZz/avito-internship-pvz-service/pkg/proto/pvz.pb.go:269.2,286.40 5 1
github.com/RicliZz/avito-internship-pvz-service/pkg/proto/pvz_grpc.pb.go:36.72,38.2 1 0
github.com/RicliZz/avito-internship-pvz-service/pkg/proto/pvz_grpc.pb.go:40.137,44.16 4 0
github.com/RicliZz/avito-internship-pvz-service/pkg/proto/pvz_grpc.pb.go:44.16,46.3 1 0
github.com/RicliZz/avito-internship-pvz-service/pkg/proto/pvz_grpc.pb.go:47.2,47.17 1 0
github.com/RicliZz/avito-internship-pvz-service/pkg/proto/pvz_grpc.pb.go:65.115,67.2 1 0
github.com/RicliZz/avito-internship-pvz-service/pkg/proto/pvz_grpc.pb.go:68.80,68.81 0 0
github.com/RicliZz/avito-internship-pvz-service/pkg/proto/pvz_grpc.pb.go:69.80,69.81 0 0
github.com/RicliZz/avito-internship-pvz-service/pkg/proto/pvz_grpc.pb.go:78.78,83.59 1 0
github.com/RicliZz/avito-internship-pvz-service/pkg/proto/pvz_grpc.pb.go:83.59,85.3 1 0
github.com/RicliZz/avito-internship-pvz-service/pkg/proto/pvz_grpc.pb.go:86.2,86.49 1 0
github.com/RicliZz/avito-internship-pvz-service/pkg/proto/pvz_grpc.pb.go:89.166,91.32 2 0
github.com/RicliZz/avito-internship-pvz-service/pkg/proto/pvz_grpc.pb.go:91.32,93.3 1 0
github.com/RicliZz/avito-internship-pvz-service/pkg/proto/pvz_grpc.pb.go:94.2,94.24 1 0
github.com/RicliZz/avito-internship-pvz-service/pkg/proto/pvz_grpc.pb.go:94.24,96.3 1 0
github.com/RicliZz/avito-internship-pvz-service/pkg/proto/pvz_grpc.pb.go:97.2,101.77 2 0
github.com/RicliZz/avito-internship-pvz-service/pkg/proto/pvz_grpc.pb.go:101.77,103.3 1 0
github.com/RicliZz/avito-internship-pvz-service/pkg/proto/pvz_grpc.pb.go:104.2,104.44 1 0
github.com/RicliZz/avito-internship-pvz-service/pkg/proto/pvz.pb.go:44.50,48.2 3 0
github.com/RicliZz/avito-internship-pvz-service/pkg/proto/pvz.pb.go:50.42,52.2 1 0
github.com/RicliZz/avito-internship-pvz-service/pkg/proto/pvz.pb.go:54.65,56.2 1 0
github.com/RicliZz/avito-internship-pvz-service/pkg/proto/pvz.pb.go:58.53,60.2 1 0
github.com/RicliZz/avito-internship-pvz-service/pkg/proto/pvz.pb.go:62.59,64.2 1 0
github.com/RicliZz/avito-internship-pvz-service/pkg/proto/pvz.pb.go:67.57,69.2 1 0
github.com/RicliZz/avito-internship-pvz-service/pkg/proto/pvz.pb.go:80.23,85.2 4 0
github.com/RicliZz/avito-internship-pvz-service/pkg/proto/pvz.pb.go:87.31,89.2 1 0
github.com/RicliZz/avito-internship-pvz-service/pkg/proto/pvz.pb.go:91.29,91.30 0 0
github.com/RicliZz/avito-internship-pvz-service/pkg/proto/pvz.pb.go:93.51,95.14 2 0
github.com/RicliZz/avito-internship-pvz-service/pkg/proto/pvz.pb.go:95.14,97.34 2 0
github.com/RicliZz/avito-internship-pvz-service/pkg/proto/pvz.pb.go:97.34,99.4 1 0
github.com/RicliZz/avito-internship-pvz-service/pkg/proto/pvz.pb.go:100.3,100.12 1 0
github.com/RicliZz/avito-internship-pvz-service/pkg/proto/pvz.pb.go:102.2,102.24 1 0
github.com/RicliZz/avito-internship-pvz-service/pkg/proto/pvz.pb.go:106.42,108.2 1 0
github.com/RicliZz/avito-internship-pvz-service/pkg/proto/pvz.pb.go:110.30,111.14 1 0
github.com/RicliZz/avito-internship-pvz-service/pkg/proto/pvz.pb.go:111.14,113.3 1 0
github.com/RicliZz/avito-internship-pvz-service/pkg/proto/pvz.pb.go:114.2,114.11 1 0
github.com/RicliZz/avito-internship-pvz-service/pkg/proto/pvz.pb.go:117.60,118.14 1 0
github.com/RicliZz/avito-internship-pvz-service/pkg/proto/pvz.pb.go:118.14,120.3 1 0
github.com/RicliZz/avito-internship-pvz-service/pkg/proto/pvz.pb.go:121.2,121.12 1 0
github.com/RicliZz/avito-internship-pvz-service/pkg/proto/pvz.pb.go:124.32,125.14 1 0
github.com/RicliZz/avito-internship-pvz-service/pkg/proto/pvz.pb.go:125.14,127.3 1 0
github.com/RicliZz/avito-internship-pvz-service/pkg/proto/pvz.pb.go:128.2,128.11 1 0
github.com/RicliZz/avito-internship-pvz-service/pkg/proto/pvz.pb.go:137.37,142.2 4 0
github.com/RicliZz/avito-internship-pvz-service/pkg/proto/pvz.pb.go:144.45,146.2 1 0
github.com/RicliZz/avito-internship-pvz-service/pkg/proto/pvz.pb.go:148.43,148.44 0 0
github.com/RicliZz/avito-internship-pvz-service/pkg/proto/pvz.pb.go:150.65,152.14 2 0
github.com/RicliZz/avito-internship-pvz-service/pkg/proto/pvz.pb.go:152.14,154.34 2 0
github.com/RicliZz/avito-internship-pvz-service/pkg/proto/pvz.pb.go:154.34,156.4 1 0
github.com/RicliZz/avito-internship-pvz-service/pkg/proto/pvz.pb.go:157.3,157.12 1 0
github.com/RicliZz/avito-internship-pvz-service/pkg/proto/pvz.pb.go:159.2,159.24 1 0
github.com/RicliZz/avito-internship-pvz-service/pkg/proto/pvz.pb.go:163.56,165.2 1 0
github.com/RicliZz/avito-internship-pvz-service/pkg/proto/pvz.pb.go:174.38,179.2 4 0
github.com/RicliZz/avito-internship-pvz-service/pkg/proto/pvz.pb.go:181.46,183.2 1 0
github.com/RicliZz/avito-internship-pvz-service/pkg/proto/pvz.pb.go:185.44,185.45 0 0
github.com/RicliZz/avito-internship-pvz-service/pkg/proto/pvz.pb.go:187.66,189.14 2 0
github.com/RicliZz/avito-internship-pvz-service/pkg/proto/pvz.pb.go:189.14,191.34 2 0
github.com/RicliZz/avito-internship-pvz-service/pkg/proto/pvz.pb.go:191.34,193.4 1 0
github.com/RicliZz/avito-internship-pvz-service/pkg/proto/pvz.pb.go:194.3,194.12 1 0
github.com/RicliZz/avito-internship-pvz-service/pkg/proto/pvz.pb.go:196.2,196.24 1 0
github.com/RicliZz/avito-internship-pvz-service/pkg/proto/pvz.pb.go:200.57,202.2 1 0
github.com/RicliZz/avito-internship-pvz-service/pkg/proto/pvz.pb.go:204.47,205.14 1 0
github.com/RicliZz/avito-internship-pvz-service/pkg/proto/pvz.pb.go:205.14,207.3 1 0
github.com/RicliZz/avito-internship-pvz-service/pkg/proto/pvz.pb.go:208.2,208.12 1 0
github.com/RicliZz/avito-internship-pvz-service/pkg/proto/pvz.pb.go:236.52,237.49 1 0
github.com/RicliZz/avito-internship-pvz-service/pkg/proto/pvz.pb.go:237.49,239.3 1 0
github.com/RicliZz/avito-internship-pvz-service/pkg/proto/pvz.pb.go:240.2,240.45 1 0
github.com/RicliZz/avito-internship-pvz-service/pkg/proto/pvz.pb.go:264.13,264.48 1 0
github.com/RicliZz/avito-internship-pvz-service/pkg/proto/pvz.pb.go:265.38,266.37 1 0
github.com/RicliZz/avito-internship-pvz-service/pkg/proto/pvz.pb.go:266.37,268.3 1 0
github.com/RicliZz/avito-internship-pvz-service/pkg/proto/pvz.pb.go:269.2,286.40 5 0
github.com/RicliZz/avito-internship-pvz-service/pkg/proto/pvz_grpc.pb.go:36.72,38.2 1 0
github.com/RicliZz/avito-internship-pvz-service/pkg/proto/pvz_grpc.pb.go:40.137,44.16 4 0
github.com/RicliZz/avito-internship-pvz-service/pkg/proto/pvz_grpc.pb.go:44.16,46.3 1 0
github.com/RicliZz/avito-internship-pvz-service/pkg/proto/pvz_grpc.pb.go:47.2,47.17 1 0
github.com/RicliZz/avito-internship-pvz-service/pkg/proto/pvz_grpc.pb.go:65.115,67.2 1 0
github.com/RicliZz/avito-internship-pvz-service/pkg/proto/pvz_grpc.pb.go:68.80,68.81 0 0
github.com/RicliZz/avito-internship-pvz-service/pkg/proto/pvz_grpc.pb.go:69.80,69.81 0 0
github.com/RicliZz/avito-internship-pvz-service/pkg/proto/pvz_grpc.pb.go:78.78,83.59 1 0
github.com/RicliZz/avito-internship-pvz-service/pkg/proto/pvz_grpc.pb.go:83.59,85.3 1 0
github.com/RicliZz/avito-internship-pvz-service/pkg/proto/pvz_grpc.pb.go:86.2,86.49 1 0
github.com/RicliZz/avito-internship-pvz-service/pkg/proto/pvz_grpc.pb.go:89.166,91.32 2 0
github.com/RicliZz/avito-internship-pvz-service/pkg/proto/pvz_grpc.pb.go:91.32,93.3 1 0
github.com/RicliZz/avito-internship-pvz-service/pkg/proto/pvz_grpc.pb.go:94.2,94.24 1 0
github.com/RicliZz/avito-internship-pvz-service/pkg/proto/pvz_grpc.pb.go:94.24,96.3 1 0
github.com/RicliZz/avito-internship-pvz-service/pkg/proto/pvz_grpc.pb.go:97.2,101.77 2 0
github.com/RicliZz/avito-internship-pvz-service/pkg/proto/pvz_grpc.pb.go:101.77,103.3 1 0
github.com/RicliZz/avito-internship-pvz-service/pkg/proto/pvz_grpc.pb.go:104.2,104.44 1 0
github.com/RicliZz/avito-internship-pvz-service/internal/models/pvzModels.go:31.76,33.9 2 0
github.com/RicliZz/avito-internship-pvz-service/internal/models/pvzModels.go:33.9,35.3 1 0
github.com/RicliZz/avito-internship-pvz-service/internal/models/pvzModels.go:37.2,37.58 1 0
github.com/RicliZz/avito-internship-pvz-service/internal/models/pvzModels.go:37.58,39.3 1 0
github.com/RicliZz/avito-internship-pvz-service/internal/models/pvzModels.go:41.2,41.48 1 0
github.com/RicliZz/avito-internship-pvz-service/pkg/JWT/createJWT.go:9.45,17.2 3 1
github.com/RicliZz/avito-internship-pvz-service/pkg/middleware/metrics.go:24.51,25.30 1 0
github.com/RicliZz/avito-internship-pvz-service/pkg/middleware/metrics.go:25.30,31.3 4 0
github.com/RicliZz/avito-internship-pvz-service/pkg/middleware/metrics.go:34.49,35.30 1 0
github.com/RicliZz/avito-internship-pvz-service/pkg/middleware/metrics.go:35.30,38.3 2 0
github.com/RicliZz/avito-internship-pvz-service/pkg/middleware/parseJWT.go:10.78,11.30 1 1
github.com/RicliZz/avito-internship-pvz-service/pkg/middleware/parseJWT.go:11.30,13.68 2 1
github.com/RicliZz/avito-internship-pvz-service/pkg/middleware/parseJWT.go:13.68,16.4 2 1
github.com/RicliZz/avito-internship-pvz-service/pkg/middleware/parseJWT.go:18.3,20.84 2 1
github.com/RicliZz/avito-internship-pvz-service/pkg/middleware/parseJWT.go:20.84,21.59 1 1
github.com/RicliZz/avito-internship-pvz-service/pkg/middleware/parseJWT.go:21.59,23.5 1 0
github.com/RicliZz/avito-internship-pvz-service/pkg/middleware/parseJWT.go:24.4,24.30 1 1
github.com/RicliZz/avito-internship-pvz-service/pkg/middleware/parseJWT.go:27.3,27.33 1 1
github.com/RicliZz/avito-internship-pvz-service/pkg/middleware/parseJWT.go:27.33,30.4 2 0
github.com/RicliZz/avito-internship-pvz-service/pkg/middleware/parseJWT.go:32.3,33.10 2 1
github.com/RicliZz/avito-internship-pvz-service/pkg/middleware/parseJWT.go:33.10,36.4 2 0
github.com/RicliZz/avito-internship-pvz-service/pkg/middleware/parseJWT.go:37.3,38.34 2 1
github.com/RicliZz/avito-internship-pvz-service/pkg/middleware/parseJWT.go:38.34,41.4 2 0
github.com/RicliZz/avito-internship-pvz-service/pkg/middleware/parseJWT.go:43.3,43.11 1 1
github.com/RicliZz/avito-internship-pvz-service/pkg/pass/workWithPass.go:17.50,19.16 2 1
github.com/RicliZz/avito-internship-pvz-service/pkg/pass/workWithPass.go:19.16,22.3 2 0
github.com/RicliZz/avito-internship-pvz-service/pkg/pass/workWithPass.go:23.2,23.18 1 1
github.com/RicliZz/avito-internship-pvz-service/pkg/pass/workWithPass.go:26.54,28.16 2 1
github.com/RicliZz/avito-internship-pvz-service/pkg/pass/workWithPass.go:28.16,31.3 2 0
github.com/RicliZz/avito-internship-pvz-service/pkg/pass/workWithPass.go:32.2,32.14 1 1
